OpenCV-android-sdk/samples/face-detection/build/outputs/logs/manifest-merger-debug-report.txt
-- Merging decision tree log ---
manifest
ADDED from samples\face-detection\AndroidManifest.xml:2:1-43:12
INJECTED from samples\face-detection\AndroidManifest.xml:2:1-43:12
INJECTED from samples\face-detection\AndroidManifest.xml:2:1-43:12
INJECTED from samples\face-detection\AndroidManifest.xml:2:1-43:12
MERGED from [:opencv] AndroidManifest.xml:2:1-11:12
MERGED from [com.android.support.constraint:constraint-layout:1.1.3] AndroidManifest.xml:2:1-11:12
INJECTED from samples\face-detection\AndroidManifest.xml:2:1-43:12
INJECTED from samples\face-detection\AndroidManifest.xml:2:1-43:12
INJECTED from samples\face-detection\AndroidManifest.xml:2:1-43:12
	package
		ADDED from samples\face-detection\AndroidManifest.xml:3:5-44
		INJECTED from samples\face-detection\AndroidManifest.xml
		INJECTED from samples\face-detection\AndroidManifest.xml
	android:versionName
		INJECTED from samples\face-detection\AndroidManifest.xml
		ADDED from samples\face-detection\AndroidManifest.xml:2:1-43:12
		INJECTED from samples\face-detection\AndroidManifest.xml
	android:versionCode
		INJECTED from samples\face-detection\AndroidManifest.xml
		ADDED from samples\face-detection\AndroidManifest.xml:2:1-43:12
		INJECTED from samples\face-detection\AndroidManifest.xml
	xmlns:android
		ADDED from samples\face-detection\AndroidManifest.xml:2:11-69
supports-screens
ADDED from samples\face-detection\AndroidManifest.xml:5:5-10:39
	android:largeScreens
		ADDED from samples\face-detection\AndroidManifest.xml:7:9-36
	android:smallScreens
		ADDED from samples\face-detection\AndroidManifest.xml:10:9-36
	android:normalScreens
		ADDED from samples\face-detection\AndroidManifest.xml:8:9-37
	android:resizeable
		ADDED from samples\face-detection\AndroidManifest.xml:9:9-34
	android:anyDensity
		ADDED from samples\face-detection\AndroidManifest.xml:6:9-34
uses-permission#android.permission.CAMERA
ADDED from samples\face-detection\AndroidManifest.xml:12:5-65
	android:name
		ADDED from samples\face-detection\AndroidManifest.xml:12:22-62
uses-feature#android.hardware.camera
ADDED from samples\face-detection\AndroidManifest.xml:14:5-16:36
	android:required
		ADDED from samples\face-detection\AndroidManifest.xml:16:9-33
	android:name
		ADDED from samples\face-detection\AndroidManifest.xml:15:9-47
uses-feature#android.hardware.camera.autofocus
ADDED from samples\face-detection\AndroidManifest.xml:17:5-19:36
	android:required
		ADDED from samples\face-detection\AndroidManifest.xml:19:9-33
	android:name
		ADDED from samples\face-detection\AndroidManifest.xml:18:9-57
uses-feature#android.hardware.camera.front
ADDED from samples\face-detection\AndroidManifest.xml:20:5-22:36
	android:required
		ADDED from samples\face-detection\AndroidManifest.xml:22:9-33
	android:name
		ADDED from samples\face-detection\AndroidManifest.xml:21:9-53
uses-feature#android.hardware.camera.front.autofocus
ADDED from samples\face-detection\AndroidManifest.xml:23:5-25:36
	android:required
		ADDED from samples\face-detection\AndroidManifest.xml:25:9-33
	android:name
		ADDED from samples\face-detection\AndroidManifest.xml:24:9-63
application
ADDED from samples\face-detection\AndroidManifest.xml:27:5-41:19
MERGED from [com.android.support.constraint:constraint-layout:1.1.3] AndroidManifest.xml:9:5-20
MERGED from [com.android.support.constraint:constraint-layout:1.1.3] AndroidManifest.xml:9:5-20
	android:label
		ADDED from samples\face-detection\AndroidManifest.xml:29:9-41
	android:icon
		ADDED from samples\face-detection\AndroidManifest.xml:28:9-38
activity#org.opencv.samples.facedetect.FdActivity
ADDED from samples\face-detection\AndroidManifest.xml:30:9-40:20
	android:screenOrientation
		ADDED from samples\face-detection\AndroidManifest.xml:34:13-50
	android:label
		ADDED from samples\face-detection\AndroidManifest.xml:33:13-45
	android:configChanges
		ADDED from samples\face-detection\AndroidManifest.xml:32:13-63
	android:name
		ADDED from samples\face-detection\AndroidManifest.xml:31:13-39
intent-filter#action:name:android.intent.action.MAIN+category:name:android.intent.category.LAUNCHER
ADDED from samples\face-detection\AndroidManifest.xml:35:13-39:29
action#android.intent.action.MAIN
ADDED from samples\face-detection\AndroidManifest.xml:36:17-69
	android:name
		ADDED from samples\face-detection\AndroidManifest.xml:36:25-66
category#android.intent.category.LAUNCHER
ADDED from samples\face-detection\AndroidManifest.xml:38:17-77
	android:name
		ADDED from samples\face-detection\AndroidManifest.xml:38:27-74
uses-sdk
INJECTED from samples\face-detection\AndroidManifest.xml reason: use-sdk injection requested
INJECTED from samples\face-detection\AndroidManifest.xml
INJECTED from samples\face-detection\AndroidManifest.xml
MERGED from [:opencv] AndroidManifest.xml:7:5-9:41
MERGED from [:opencv] AndroidManifest.xml:7:5-9:41
MERGED from [com.android.support.constraint:constraint-layout:1.1.3] AndroidManifest.xml:5:5-7:41
MERGED from [com.android.support.constraint:constraint-layout:1.1.3] AndroidManifest.xml:5:5-7:41
INJECTED from samples\face-detection\AndroidManifest.xml
INJECTED from samples\face-detection\AndroidManifest.xml
	android:targetSdkVersion
		INJECTED from samples\face-detection\AndroidManifest.xml
		ADDED from samples\face-detection\AndroidManifest.xml
		INJECTED from samples\face-detection\AndroidManifest.xml
	android:minSdkVersion
		INJECTED from samples\face-detection\AndroidManifest.xml
		ADDED from samples\face-detection\AndroidManifest.xml
		INJECTED from samples\face-detection\AndroidManifest.xml